Android Expiry System/app/build/outputs/logs/manifest-merger-debug-report.txt
-- Merging decision tree log ---
manifest
ADDED from src\main\AndroidManifest.xml:2:1-47:12
	package
		ADDED from src\main\AndroidManifest.xml:3:5-62
		INJECTED from src\main\AndroidManifest.xml
		INJECTED from src\main\AndroidManifest.xml
	android:versionName
		INJECTED from src\main\AndroidManifest.xml
		INJECTED from src\main\AndroidManifest.xml
	xmlns:android
		ADDED from src\main\AndroidManifest.xml:2:11-69
	android:versionCode
		INJECTED from src\main\AndroidManifest.xml
		INJECTED from src\main\AndroidManifest.xml
	android:installLocation
		ADDED from src\main\AndroidManifest.xml:4:5-35
uses-permission#android.permission.INTERNET
ADDED from src\main\AndroidManifest.xml:6:5-83
	android:name
		ADDED from src\main\AndroidManifest.xml:6:22-64
uses-feature#android.hardware.camera
ADDED from src\main\AndroidManifest.xml:7:5-60
	android:name
		ADDED from src\main\AndroidManifest.xml:7:19-57
uses-permission#android.permission.CAMERA
ADDED from src\main\AndroidManifest.xml:8:5-65
	android:name
		ADDED from src\main\AndroidManifest.xml:8:22-62
application
ADDED from src\main\AndroidManifest.xml:10:5-45:19
MERGED from [com.google.android.gms:play-services-vision:10.2.0] AndroidManifest.xml:4:5-19
MERGED from [com.google.android.gms:play-services-base:10.2.0] AndroidManifest.xml:18:5-20:19
MERGED from [com.google.android.gms:play-services-tasks:10.2.0] AndroidManifest.xml:4:5-19
MERGED from [com.google.android.gms:play-services-basement:10.2.0] AndroidManifest.xml:19:5-21:19
MERGED from [com.android.support:design:25.1.1] AndroidManifest.xml:25:5-20
MERGED from [com.android.support:appcompat-v7:25.1.1] AndroidManifest.xml:25:5-20
MERGED from [com.android.support:animated-vector-drawable:25.1.1] AndroidManifest.xml:22:5-20
MERGED from [com.android.support:support-vector-drawable:25.1.1] AndroidManifest.xml:23:5-20
MERGED from [com.android.support:transition:25.1.1] AndroidManifest.xml:22:5-20
MERGED from [com.android.support:support-v4:25.1.1] AndroidManifest.xml:25:5-20
MERGED from [com.android.support:support-fragment:25.1.1] AndroidManifest.xml:25:5-20
MERGED from [com.android.support:support-media-compat:25.1.1] AndroidManifest.xml:25:5-20
MERGED from [com.android.support:support-core-ui:25.1.1] AndroidManifest.xml:25:5-20
MERGED from [com.android.support:support-core-utils:25.1.1] AndroidManifest.xml:25:5-20
MERGED from [com.android.support:support-compat:25.1.1] AndroidManifest.xml:25:5-20
MERGED from [com.mcxiaoke.volley:library-aar:1.0.0] AndroidManifest.xml:5:5-19
	android:label
		ADDED from src\main\AndroidManifest.xml:15:9-46
	android:supportsRtl
		ADDED from src\main\AndroidManifest.xml:16:9-35
	android:hardwareAccelerated
		ADDED from src\main\AndroidManifest.xml:13:9-43
	android:fullBackupContent
		ADDED from src\main\AndroidManifest.xml:12:9-42
	android:allowBackup
		ADDED from src\main\AndroidManifest.xml:11:9-35
	android:icon
		ADDED from src\main\AndroidManifest.xml:14:9-39
	android:theme
		ADDED from src\main\AndroidManifest.xml:17:9-40
meta-data#com.google.android.gms.vision.DEPENDENCIES
ADDED from src\main\AndroidManifest.xml:18:9-20:35
	android:value
		ADDED from src\main\AndroidManifest.xml:20:13-32
	android:name
		ADDED from src\main\AndroidManifest.xml:19:13-70
activity#com.google.android.gms.samples.vision.ocrreader.MainActivity
ADDED from src\main\AndroidManifest.xml:21:9-23:59
	android:label
		ADDED from src\main\AndroidManifest.xml:23:13-56
	android:name
		ADDED from src\main\AndroidManifest.xml:22:13-41
activity#com.google.android.gms.samples.vision.ocrreader.OcrCaptureActivity
ADDED from src\main\AndroidManifest.xml:24:9-26:41
	android:label
		ADDED from src\main\AndroidManifest.xml:26:13-38
	android:name
		ADDED from src\main\AndroidManifest.xml:25:13-47
activity#com.google.android.gms.samples.vision.ocrreader.RegistrationActivity
ADDED from src\main\AndroidManifest.xml:27:9-28:39
	android:label
		ADDED from src\main\AndroidManifest.xml:28:13-37
	android:name
		ADDED from src\main\AndroidManifest.xml:27:19-55
activity#com.google.android.gms.samples.vision.ocrreader.LoginActivity
ADDED from src\main\AndroidManifest.xml:29:9-35:20
	android:name
		ADDED from src\main\AndroidManifest.xml:30:13-42
intent-filter#android.intent.action.MAIN+android.intent.category.LAUNCHER
ADDED from src\main\AndroidManifest.xml:31:13-34:29
action#android.intent.action.MAIN
ADDED from src\main\AndroidManifest.xml:32:17-69
	android:name
		ADDED from src\main\AndroidManifest.xml:32:25-66
category#android.intent.category.LAUNCHER
ADDED from src\main\AndroidManifest.xml:33:17-77
	android:name
		ADDED from src\main\AndroidManifest.xml:33:27-74
activity#com.google.android.gms.samples.vision.ocrreader.ProductDetails
ADDED from src\main\AndroidManifest.xml:36:9-37:52
	android:label
		ADDED from src\main\AndroidManifest.xml:37:13-40
	android:name
		ADDED from src\main\AndroidManifest.xml:36:19-49
activity#com.google.android.gms.samples.vision.ocrreader.HomeActivity
ADDED from src\main\AndroidManifest.xml:38:9-39:46
	android:label
		ADDED from src\main\AndroidManifest.xml:39:13-44
	android:name
		ADDED from src\main\AndroidManifest.xml:38:19-47
service#com.google.android.gms.samples.vision.ocrreader.BackgroundService
ADDED from src\main\AndroidManifest.xml:41:9-54
	android:name
		ADDED from src\main\AndroidManifest.xml:41:18-51
activity#com.google.android.gms.samples.vision.ocrreader.NotificationActivity
ADDED from src\main\AndroidManifest.xml:43:9-67
	android:name
		ADDED from src\main\AndroidManifest.xml:43:19-55
uses-sdk
INJECTED from src\main\AndroidManifest.xml reason: use-sdk injection requested
MERGED from [com.google.android.gms:play-services-vision:10.2.0] AndroidManifest.xml:3:5-43
MERGED from [com.google.android.gms:play-services-base:10.2.0] AndroidManifest.xml:17:5-43
MERGED from [com.google.android.gms:play-services-tasks:10.2.0] AndroidManifest.xml:3:5-43
MERGED from [com.google.android.gms:play-services-basement:10.2.0] AndroidManifest.xml:17:5-43
MERGED from [com.android.support:design:25.1.1] AndroidManifest.xml:21:5-23:62
MERGED from [com.android.support:appcompat-v7:25.1.1] AndroidManifest.xml:21:5-23:78
MERGED from [com.android.support:animated-vector-drawable:25.1.1] AndroidManifest.xml:20:5-44
MERGED from [com.android.support:support-vector-drawable:25.1.1] AndroidManifest.xml:21:5-43
MERGED from [com.android.support:recyclerview-v7:25.1.1] AndroidManifest.xml:20:5-43
MERGED from [com.android.support:transition:25.1.1] AndroidManifest.xml:20:5-44
MERGED from [com.android.support:support-v4:25.1.1] AndroidManifest.xml:21:5-23:54
MERGED from [com.android.support:support-fragment:25.1.1] AndroidManifest.xml:21:5-23:60
MERGED from [com.android.support:support-media-compat:25.1.1] AndroidManifest.xml:21:5-23:63
MERGED from [com.android.support:support-core-ui:25.1.1] AndroidManifest.xml:21:5-23:58
MERGED from [com.android.support:support-core-utils:25.1.1] AndroidManifest.xml:21:5-23:61
MERGED from [com.android.support:support-compat:25.1.1] AndroidManifest.xml:21:5-23:58
MERGED from [com.mcxiaoke.volley:library-aar:1.0.0] AndroidManifest.xml:3:5-72
	tools:overrideLibrary
		ADDED from [com.android.support:design:25.1.1] AndroidManifest.xml:23:9-59
	android:targetSdkVersion
		INJECTED from src\main\AndroidManifest.xml
		INJECTED from src\main\AndroidManifest.xml
	android:minSdkVersion
		INJECTED from src\main\AndroidManifest.xml
		INJECTED from src\main\AndroidManifest.xml
activity#com.google.android.gms.common.api.GoogleApiActivity
ADDED from [com.google.android.gms:play-services-base:10.2.0] AndroidManifest.xml:19:9-172
	android:exported
		ADDED from [com.google.android.gms:play-services-base:10.2.0] AndroidManifest.xml:19:146-170
	android:theme
		ADDED from [com.google.android.gms:play-services-base:10.2.0] AndroidManifest.xml:19:86-145
	android:name
		ADDED from [com.google.android.gms:play-services-base:10.2.0] AndroidManifest.xml:19:19-85
meta-data#com.google.android.gms.version
ADDED from [com.google.android.gms:play-services-basement:10.2.0] AndroidManifest.xml:20:9-121
	android:value
		ADDED from [com.google.android.gms:play-services-basement:10.2.0] AndroidManifest.xml:20:66-119
	android:name
		ADDED from [com.google.android.gms:play-services-basement:10.2.0] AndroidManifest.xml:20:20-65